0 info it worked if it ends with ok
1 verbose cli [ 'node', '/usr/local/bin/npm', 'install', 'chromelogger', '-g' ]
2 info using npm@1.2.21
3 info using node@v0.10.7
4 verbose read json /usr/local/lib/package.json
5 verbose read json /usr/local/lib/package.json
6 verbose cache add [ 'chromelogger', null ]
7 verbose cache add name=undefined spec="chromelogger" args=["chromelogger",null]
8 verbose parsed url { protocol: null,
8 verbose parsed url   slashes: null,
8 verbose parsed url   auth: null,
8 verbose parsed url   host: null,
8 verbose parsed url   port: null,
8 verbose parsed url   hostname: null,
8 verbose parsed url   hash: null,
8 verbose parsed url   search: null,
8 verbose parsed url   query: null,
8 verbose parsed url   pathname: 'chromelogger',
8 verbose parsed url   path: 'chromelogger',
8 verbose parsed url   href: 'chromelogger' }
9 silly lockFile d0e40c8b-chromelogger chromelogger
10 verbose lock chromelogger /Users/vinit/.npm/d0e40c8b-chromelogger.lock
11 silly lockFile d0e40c8b-chromelogger chromelogger
12 silly lockFile d0e40c8b-chromelogger chromelogger
13 verbose addNamed [ 'chromelogger', '' ]
14 verbose addNamed [ null, '' ]
15 silly lockFile 1dc354ed-chromelogger chromelogger@
16 verbose lock chromelogger@ /Users/vinit/.npm/1dc354ed-chromelogger.lock
17 silly addNameRange { name: 'chromelogger', range: '', hasData: false }
18 verbose url raw chromelogger
19 verbose url resolving [ 'https://registry.npmjs.org/', './chromelogger' ]
20 verbose url resolved https://registry.npmjs.org/chromelogger
21 info trying registry request attempt 1 at 17:04:53
22 http GET https://registry.npmjs.org/chromelogger
23 http 200 https://registry.npmjs.org/chromelogger
24 silly registry.get cb [ 200,
24 silly registry.get   { vary: 'Accept',
24 silly registry.get     server: 'CouchDB/1.3.0 (Erlang OTP/R15B03)',
24 silly registry.get     etag: '"BGXACKJHFH8KL11BRHFXJVHX4"',
24 silly registry.get     date: 'Wed, 22 May 2013 11:34:56 GMT',
24 silly registry.get     'content-type': 'application/json',
24 silly registry.get     'content-length': '24366' } ]
25 silly addNameRange number 2 { name: 'chromelogger', range: '', hasData: true }
26 silly addNameRange versions [ 'chromelogger',
26 silly addNameRange   [ '0.0.1',
26 silly addNameRange     '0.0.2',
26 silly addNameRange     '0.0.3',
26 silly addNameRange     '0.0.4',
26 silly addNameRange     '0.0.5',
26 silly addNameRange     '1.0.0',
26 silly addNameRange     '1.0.1',
26 silly addNameRange     '1.0.2' ] ]
27 verbose addNamed [ 'chromelogger', '1.0.2' ]
28 verbose addNamed [ '1.0.2', '1.0.2' ]
29 silly lockFile 1022ee4e-chromelogger-1-0-2 chromelogger@1.0.2
30 verbose lock chromelogger@1.0.2 /Users/vinit/.npm/1022ee4e-chromelogger-1-0-2.lock
31 silly lockFile 43a648aa-omelogger-chromelogger-1-0-2-tgz https://registry.npmjs.org/chromelogger/-/chromelogger-1.0.2.tgz
32 verbose lock https://registry.npmjs.org/chromelogger/-/chromelogger-1.0.2.tgz /Users/vinit/.npm/43a648aa-omelogger-chromelogger-1-0-2-tgz.lock
33 verbose addRemoteTarball [ 'https://registry.npmjs.org/chromelogger/-/chromelogger-1.0.2.tgz',
33 verbose addRemoteTarball   'cdf17fad300fe85eee98949a7480cda50137e96f' ]
34 info retry fetch attempt 1 at 17:04:57
35 verbose fetch to= /var/folders/82/qg5d8gys0_5fz0rlljw0z7cm0000gq/T/npm-18298/1369222497783-0.6152167641557753/tmp.tgz
36 http GET https://registry.npmjs.org/chromelogger/-/chromelogger-1.0.2.tgz
37 http 200 https://registry.npmjs.org/chromelogger/-/chromelogger-1.0.2.tgz
38 verbose tar unpack /var/folders/82/qg5d8gys0_5fz0rlljw0z7cm0000gq/T/npm-18298/1369222497783-0.6152167641557753/tmp.tgz
39 silly lockFile c74a5ae0-97783-0-6152167641557753-package /var/folders/82/qg5d8gys0_5fz0rlljw0z7cm0000gq/T/npm-18298/1369222497783-0.6152167641557753/package
40 verbose lock /var/folders/82/qg5d8gys0_5fz0rlljw0z7cm0000gq/T/npm-18298/1369222497783-0.6152167641557753/package /Users/vinit/.npm/c74a5ae0-97783-0-6152167641557753-package.lock
41 silly lockFile 37460752-97783-0-6152167641557753-tmp-tgz /var/folders/82/qg5d8gys0_5fz0rlljw0z7cm0000gq/T/npm-18298/1369222497783-0.6152167641557753/tmp.tgz
42 verbose lock /var/folders/82/qg5d8gys0_5fz0rlljw0z7cm0000gq/T/npm-18298/1369222497783-0.6152167641557753/tmp.tgz /Users/vinit/.npm/37460752-97783-0-6152167641557753-tmp-tgz.lock
43 silly gunzTarPerm modes [ '755', '644' ]
44 silly gunzTarPerm extractEntry package.json
45 silly gunzTarPerm extractEntry .npmignore
46 silly gunzTarPerm extractEntry README.md
47 silly gunzTarPerm extractEntry LICENSE
48 silly gunzTarPerm extractEntry .travis.yml
49 silly gunzTarPerm extractEntry CHANGELOG.md
50 silly gunzTarPerm extractEntry lib/chromelogger.js
51 silly gunzTarPerm extractEntry test/test.js
52 silly gunzTarPerm extractEntry test/sample/index-express.js
53 silly gunzTarPerm extractEntry test/sample/index.js
54 verbose read json /var/folders/82/qg5d8gys0_5fz0rlljw0z7cm0000gq/T/npm-18298/1369222497783-0.6152167641557753/package/package.json
55 silly lockFile c74a5ae0-97783-0-6152167641557753-package /var/folders/82/qg5d8gys0_5fz0rlljw0z7cm0000gq/T/npm-18298/1369222497783-0.6152167641557753/package
56 silly lockFile c74a5ae0-97783-0-6152167641557753-package /var/folders/82/qg5d8gys0_5fz0rlljw0z7cm0000gq/T/npm-18298/1369222497783-0.6152167641557753/package
57 silly lockFile 37460752-97783-0-6152167641557753-tmp-tgz /var/folders/82/qg5d8gys0_5fz0rlljw0z7cm0000gq/T/npm-18298/1369222497783-0.6152167641557753/tmp.tgz
58 silly lockFile 37460752-97783-0-6152167641557753-tmp-tgz /var/folders/82/qg5d8gys0_5fz0rlljw0z7cm0000gq/T/npm-18298/1369222497783-0.6152167641557753/tmp.tgz
59 verbose from cache /var/folders/82/qg5d8gys0_5fz0rlljw0z7cm0000gq/T/npm-18298/1369222497783-0.6152167641557753/package/package.json
60 verbose tar pack [ '/Users/vinit/.npm/chromelogger/1.0.2/package.tgz',
60 verbose tar pack   '/var/folders/82/qg5d8gys0_5fz0rlljw0z7cm0000gq/T/npm-18298/1369222497783-0.6152167641557753/package' ]
61 verbose tarball /Users/vinit/.npm/chromelogger/1.0.2/package.tgz
62 verbose folder /var/folders/82/qg5d8gys0_5fz0rlljw0z7cm0000gq/T/npm-18298/1369222497783-0.6152167641557753/package
63 silly lockFile c74a5ae0-97783-0-6152167641557753-package /var/folders/82/qg5d8gys0_5fz0rlljw0z7cm0000gq/T/npm-18298/1369222497783-0.6152167641557753/package
64 verbose lock /var/folders/82/qg5d8gys0_5fz0rlljw0z7cm0000gq/T/npm-18298/1369222497783-0.6152167641557753/package /Users/vinit/.npm/c74a5ae0-97783-0-6152167641557753-package.lock
65 silly lockFile 712b154a-m-chromelogger-1-0-2-package-tgz /Users/vinit/.npm/chromelogger/1.0.2/package.tgz
66 verbose lock /Users/vinit/.npm/chromelogger/1.0.2/package.tgz /Users/vinit/.npm/712b154a-m-chromelogger-1-0-2-package-tgz.lock
67 silly lockFile c74a5ae0-97783-0-6152167641557753-package /var/folders/82/qg5d8gys0_5fz0rlljw0z7cm0000gq/T/npm-18298/1369222497783-0.6152167641557753/package
68 silly lockFile c74a5ae0-97783-0-6152167641557753-package /var/folders/82/qg5d8gys0_5fz0rlljw0z7cm0000gq/T/npm-18298/1369222497783-0.6152167641557753/package
69 silly lockFile 712b154a-m-chromelogger-1-0-2-package-tgz /Users/vinit/.npm/chromelogger/1.0.2/package.tgz
70 silly lockFile 712b154a-m-chromelogger-1-0-2-package-tgz /Users/vinit/.npm/chromelogger/1.0.2/package.tgz
71 silly lockFile ab0480d1-t-npm-chromelogger-1-0-2-package /Users/vinit/.npm/chromelogger/1.0.2/package
72 verbose lock /Users/vinit/.npm/chromelogger/1.0.2/package /Users/vinit/.npm/ab0480d1-t-npm-chromelogger-1-0-2-package.lock
73 silly lockFile ab0480d1-t-npm-chromelogger-1-0-2-package /Users/vinit/.npm/chromelogger/1.0.2/package
74 silly lockFile ab0480d1-t-npm-chromelogger-1-0-2-package /Users/vinit/.npm/chromelogger/1.0.2/package
75 verbose tar unpack /Users/vinit/.npm/chromelogger/1.0.2/package.tgz
76 silly lockFile ab0480d1-t-npm-chromelogger-1-0-2-package /Users/vinit/.npm/chromelogger/1.0.2/package
77 verbose lock /Users/vinit/.npm/chromelogger/1.0.2/package /Users/vinit/.npm/ab0480d1-t-npm-chromelogger-1-0-2-package.lock
78 silly lockFile 712b154a-m-chromelogger-1-0-2-package-tgz /Users/vinit/.npm/chromelogger/1.0.2/package.tgz
79 verbose lock /Users/vinit/.npm/chromelogger/1.0.2/package.tgz /Users/vinit/.npm/712b154a-m-chromelogger-1-0-2-package-tgz.lock
80 silly gunzTarPerm modes [ '755', '644' ]
81 silly gunzTarPerm extractEntry package.json
82 silly gunzTarPerm extractEntry .npmignore
83 silly gunzTarPerm extractEntry README.md
84 silly gunzTarPerm extractEntry LICENSE
85 silly gunzTarPerm extractEntry .travis.yml
86 silly gunzTarPerm extractEntry CHANGELOG.md
87 silly gunzTarPerm extractEntry lib/chromelogger.js
88 silly gunzTarPerm extractEntry test/test.js
89 silly gunzTarPerm extractEntry test/sample/index-express.js
90 silly gunzTarPerm extractEntry test/sample/index.js
91 verbose read json /Users/vinit/.npm/chromelogger/1.0.2/package/package.json
92 silly lockFile ab0480d1-t-npm-chromelogger-1-0-2-package /Users/vinit/.npm/chromelogger/1.0.2/package
93 silly lockFile ab0480d1-t-npm-chromelogger-1-0-2-package /Users/vinit/.npm/chromelogger/1.0.2/package
94 silly lockFile 712b154a-m-chromelogger-1-0-2-package-tgz /Users/vinit/.npm/chromelogger/1.0.2/package.tgz
95 silly lockFile 712b154a-m-chromelogger-1-0-2-package-tgz /Users/vinit/.npm/chromelogger/1.0.2/package.tgz
96 verbose from cache /Users/vinit/.npm/chromelogger/1.0.2/package/package.json
97 verbose chmod /Users/vinit/.npm/chromelogger/1.0.2/package.tgz 644
98 verbose chown /Users/vinit/.npm/chromelogger/1.0.2/package.tgz [ 503, 20 ]
99 silly lockFile 43a648aa-omelogger-chromelogger-1-0-2-tgz https://registry.npmjs.org/chromelogger/-/chromelogger-1.0.2.tgz
100 silly lockFile 43a648aa-omelogger-chromelogger-1-0-2-tgz https://registry.npmjs.org/chromelogger/-/chromelogger-1.0.2.tgz
101 silly lockFile 1022ee4e-chromelogger-1-0-2 chromelogger@1.0.2
102 silly lockFile 1022ee4e-chromelogger-1-0-2 chromelogger@1.0.2
103 silly lockFile 1dc354ed-chromelogger chromelogger@
104 silly lockFile 1dc354ed-chromelogger chromelogger@
105 silly resolved [ { name: 'chromelogger',
105 silly resolved     version: '1.0.2',
105 silly resolved     description: 'Log and inspect your server-side code in the Chrome console using Chrome Logger',
105 silly resolved     keywords:
105 silly resolved      [ 'chrome',
105 silly resolved        'logger',
105 silly resolved        'logging',
105 silly resolved        'debugging',
105 silly resolved        'express',
105 silly resolved        'middleware' ],
105 silly resolved     main: './lib/chromelogger.js',
105 silly resolved     scripts: { test: 'mocha ./test/test.js' },
105 silly resolved     dependencies: { 'json-stringify-safe': '4.0.x' },
105 silly resolved     devDependencies: { mocha: '1.9.x' },
105 silly resolved     engines: { node: '>=0.4.0' },
105 silly resolved     repository:
105 silly resolved      { type: 'git',
105 silly resolved        url: 'git://github.com/yannickcr/node-chromelogger.git' },
105 silly resolved     author:
105 silly resolved      { name: 'Yannick Croissant',
105 silly resolved        url: 'https://github.com/yannickcr' },
105 silly resolved     licenses: [ [Object] ],
105 silly resolved     readmeFilename: 'README.md',
105 silly resolved     readme: '# Node Chrome Logger\n\n[![Build Status](https://secure.travis-ci.org/yannickcr/node-chromelogger.png)](http://travis-ci.org/yannickcr/node-chromelogger) [![Dependency Status](https://gemnasium.com/yannickcr/node-chromelogger.png)](https://gemnasium.com/yannickcr/node-chromelogger)\n\n[Chrome Logger](http://craig.is/writing/chrome-logger) is a Google Chrome extension for debugging server side applications in the Chrome console.\nThis module is an implementation of the Chrome Logger protocol for Node.js, it allows you to log and inspect your server-side code directly in the Chrome console.\n\n# Installation\n\n    $ npm install chromelogger\n\nand install the [Chrome Logger extension](https://chrome.google.com/webstore/detail/chromephp/noaneddfkdjfnfdakjjmocngnfkfehhd) in your Chrome browser.\n\n# Usage\n\n```javascript\nvar chromelogger = require(\'chromelogger\');\nvar http = require(\'http\');\n\nvar server = http.createServer();\n\nserver.on(\'request\', chromelogger.middleware);\n\nserver.on(\'request\', function(req, res) {\n  res.chrome.log(\'Message from Node.js %s\', process.version);\n  res.end(\'Hello World\');\n});\n\nserver.listen(7357);\n```\n\nNode Chrome Logger provide several logging methods on the ServerResponse (res) object:\n * `res.chrome.log`\n * `res.chrome.warn`\n * `res.chrome.error`\n * `res.chrome.info`\n * `res.chrome.group`\n * `res.chrome.groupEnd`\n * `res.chrome.groupCollapse`\n\nThese methods matches the [Console API of the Chrome Developer Tools](https://developers.google.com/chrome-developer-tools/docs/console-api).\n\n## Usage as an Express middleware\n\n```javascript\nvar chromelogger = require(\'chromelogger\');\nvar express = require(\'express\');\n\nvar app = express();\n\napp.use(chromelogger.middleware);\n\napp.get(\'/\', function(req, res) {\n  res.chrome.log(\'Message from Express.js %s\', express.version);\n  res.end(\'Hello World\');\n});\n\napp.listen(7357);\n```\n\n# Events\n\n`error`: if an error occur (problem during JSON serialization, logging after the headers were already sent, etc.)\n\n```javascript\nchromelogger.on(\'error\', function(message) {\n  console.log(message);\n});\n```\n\n# License\n\nNode Chrome Logger is licensed under the [MIT License](http://www.opensource.org/licenses/mit-license.php).\n',
105 silly resolved     bugs: { url: 'https://github.com/yannickcr/node-chromelogger/issues' },
105 silly resolved     _id: 'chromelogger@1.0.2',
105 silly resolved     dist: { shasum: '5bc446604837ec8efaf54f1dd971f062161207f4' },
105 silly resolved     _from: 'chromelogger@',
105 silly resolved     _resolved: 'https://registry.npmjs.org/chromelogger/-/chromelogger-1.0.2.tgz' } ]
106 info install chromelogger@1.0.2 into /usr/local/lib
107 info installOne chromelogger@1.0.2
108 verbose from cache /Users/vinit/.npm/chromelogger/1.0.2/package/package.json
109 info /usr/local/lib/node_modules/chromelogger unbuild
110 verbose read json /usr/local/lib/node_modules/chromelogger/package.json
111 verbose tar unpack /Users/vinit/.npm/chromelogger/1.0.2/package.tgz
112 silly lockFile 2a0efe0e-al-lib-node-modules-chromelogger /usr/local/lib/node_modules/chromelogger
113 verbose lock /usr/local/lib/node_modules/chromelogger /Users/vinit/.npm/2a0efe0e-al-lib-node-modules-chromelogger.lock
114 silly lockFile 712b154a-m-chromelogger-1-0-2-package-tgz /Users/vinit/.npm/chromelogger/1.0.2/package.tgz
115 verbose lock /Users/vinit/.npm/chromelogger/1.0.2/package.tgz /Users/vinit/.npm/712b154a-m-chromelogger-1-0-2-package-tgz.lock
116 silly gunzTarPerm modes [ '755', '644' ]
117 error Error: EACCES, mkdir '/usr/local/lib/node_modules/chromelogger'
117 error  { [Error: EACCES, mkdir '/usr/local/lib/node_modules/chromelogger']
117 error   errno: 3,
117 error   code: 'EACCES',
117 error   path: '/usr/local/lib/node_modules/chromelogger',
117 error   fstream_type: 'Directory',
117 error   fstream_path: '/usr/local/lib/node_modules/chromelogger',
117 error   fstream_class: 'DirWriter',
117 error   fstream_stack:
117 error    [ '/usr/local/lib/node_modules/npm/node_modules/fstream/lib/dir-writer.js:36:23',
117 error      '/usr/local/lib/node_modules/npm/node_modules/mkdirp/index.js:37:53',
117 error      'Object.oncomplete (fs.js:107:15)' ] }
118 error Please try running this command again as root/Administrator.
119 error System Darwin 12.3.0
120 error command "node" "/usr/local/bin/npm" "install" "chromelogger" "-g"
121 error cwd /Users/vinit/projects/node-twitter
122 error node -v v0.10.7
123 error npm -v 1.2.21
124 error path /usr/local/lib/node_modules/chromelogger
125 error fstream_path /usr/local/lib/node_modules/chromelogger
126 error fstream_type Directory
127 error fstream_class DirWriter
128 error code EACCES
129 error errno 3
130 error stack Error: EACCES, mkdir '/usr/local/lib/node_modules/chromelogger'
131 error fstream_stack /usr/local/lib/node_modules/npm/node_modules/fstream/lib/dir-writer.js:36:23
131 error fstream_stack /usr/local/lib/node_modules/npm/node_modules/mkdirp/index.js:37:53
131 error fstream_stack Object.oncomplete (fs.js:107:15)
132 verbose exit [ 3, true ]
